
-------------------------------------------------------------------------
   █████╗ ██████╗  ██████╗██╗  ██╗████████╗██╗████████╗██╗   ██╗███████╗
  ██╔══██╗██╔══██╗██╔════╝██║  ██║╚══██╔══╝██║╚══██╔══╝██║   ██║██╔════╝
  ███████║██████╔╝██║     ███████║   ██║   ██║   ██║   ██║   ██║███████╗
  ██╔══██║██╔══██╗██║     ██╔══██║   ██║   ██║   ██║   ██║   ██║╚════██║
  ██║  ██║██║  ██║╚██████╗██║  ██║   ██║   ██║   ██║   ╚██████╔╝███████║
  ╚═╝  ╚═╝╚═╝  ╚═╝ ╚═════╝╚═╝  ╚═╝   ╚═╝   ╚═╝   ╚═╝    ╚═════╝ ╚══════╝
-------------------------------------------------------------------------
                    Automated Arch Linux Installer
-------------------------------------------------------------------------

Setting up mirrors for optimal download
  % Total    % Received % Xferd  Average Speed   Time    Time     Time  Current
                                 Dload  Upload   Total   Spent    Left  Speed
  0     0    0     0    0     0      0      0 --:--:-- --:--:-- --:--:--     0100     3  100     3    0     0     10      0 --:--:-- --:--:-- --:--:--    10
warning: archlinux-keyring-20220224-1 is up to date -- reinstalling
resolving dependencies...
looking for conflicting packages...

Packages (1) archlinux-keyring-20220224-1

Total Download Size:   1.02 MiB
Total Installed Size:  1.44 MiB
Net Upgrade Size:      0.00 MiB

:: Proceed with installation? [Y/n] 
:: Retrieving packages...
 archlinux-keyring-20220224-1-any downloading...
checking keyring...
checking package integrity...
loading package files...
checking for file conflicts...
checking available disk space...
:: Processing package changes...
reinstalling archlinux-keyring...
==> Appending keys from archlinux.gpg...
==> Updating trust database...
gpg: next trustdb check due at 2022-05-06
==> Updating trust database...
gpg: next trustdb check due at 2022-05-06
:: Running post-transaction hooks...
(1/1) Arming ConditionNeedsUpdate...
warning: terminus-font-4.49.1-2 is up to date -- skipping
resolving dependencies...
looking for conflicting packages...

Packages (2) fakeroot-1.28-1  pacman-contrib-1.4.0-4

Total Download Size:   0.10 MiB
Total Installed Size:  0.23 MiB

:: Proceed with installation? [Y/n] 
:: Retrieving packages...
 fakeroot-1.28-1-x86_64 downloading...
 pacman-contrib-1.4.0-4-x86_64 downloading...
checking keyring...
checking package integrity...
loading package files...
checking for file conflicts...
checking available disk space...
:: Processing package changes...
installing fakeroot...
installing pacman-contrib...
Optional dependencies for pacman-contrib
    diffutils: for pacdiff [installed]
    findutils: for pacdiff --find [installed]
    mlocate: for pacdiff --locate
    sudo: privilege elevation for several scripts [installed]
    vim: default merge program for pacdiff [installed]
:: Running post-transaction hooks...
(1/2) Reloading system manager configuration...
(2/2) Arming ConditionNeedsUpdate...
warning: reflector-2021.11-3 is up to date -- skipping
warning: grub-2:2.06-5 is up to date -- skipping
resolving dependencies...
looking for conflicting packages...

Packages (1) rsync-3.2.4-1

Total Download Size:   0.31 MiB
Total Installed Size:  0.58 MiB
Net Upgrade Size:      0.01 MiB

:: Proceed with installation? [Y/n] 
:: Retrieving packages...
 rsync-3.2.4-1-x86_64 downloading...
checking keyring...
checking package integrity...
loading package files...
checking for file conflicts...
checking available disk space...
:: Processing package changes...
upgrading rsync...
:: Running post-transaction hooks...
(1/2) Reloading system manager configuration...
(2/2) Arming ConditionNeedsUpdate...

-------------------------------------------------------------------------
                    Setting up US mirrors for faster downloads
-------------------------------------------------------------------------
[2022-04-19 00:07:12] WARNING: failed to rate http(s) download (https://mirror.theash.xyz/arch/community/os/x86_64/community.db): HTTP Error 403: Forbidden

-------------------------------------------------------------------------
                    Installing Prerequisites
-------------------------------------------------------------------------
warning: btrfs-progs-5.16.2-1 is up to date -- skipping
warning: glibc-2.35-3 is up to date -- skipping
resolving dependencies...
looking for conflicting packages...

Packages (1) gptfdisk-1.0.9-1

Total Download Size:    0.21 MiB
Total Installed Size:   0.65 MiB
Net Upgrade Size:      -0.14 MiB

:: Proceed with installation? [Y/n] 
:: Retrieving packages...
 gptfdisk-1.0.9-1-x86_64 downloading...
checking keyring...
checking package integrity...
loading package files...
checking for file conflicts...
checking available disk space...
:: Processing package changes...
upgrading gptfdisk...
:: Running post-transaction hooks...
(1/1) Arming ConditionNeedsUpdate...

-------------------------------------------------------------------------
                    Formating Disk
-------------------------------------------------------------------------
umount: /mnt: not mounted
GPT data structures destroyed! You may now partition the disk using fdisk or
other utilities.
Creating new GPT entries in memory.
The operation has completed successfully.
The operation has completed successfully.
The operation has completed successfully.
The operation has completed successfully.

-------------------------------------------------------------------------
                    Creating Filesystems
-------------------------------------------------------------------------
mkfs.fat 4.2 (2021-01-31)
btrfs-progs v5.16.2 
See http://btrfs.wiki.kernel.org for more information.

Performing full device TRIM /dev/sda3 (238.18GiB) ...
NOTE: several default settings have changed in version 5.15, please make sure
      this does not affect your deployments:
      - DUP for metadata (-m dup)
      - enabled no-holes (-O no-holes)
      - enabled free-space-tree (-R free-space-tree)

Label:              ROOT
UUID:               02aa0bd1-4819-4284-95f0-6165d89c33ad
Node size:          16384
Sector size:        4096
Filesystem size:    238.18GiB
Block group profiles:
  Data:             single            8.00MiB
  Metadata:         DUP               1.00GiB
  System:           DUP               8.00MiB
SSD detected:       yes
Zoned device:       no
Incompat features:  extref, skinny-metadata, no-holes
Runtime features:   free-space-tree
Checksum:           crc32c
Number of devices:  1
Devices:
   ID        SIZE  PATH
    1   238.18GiB  /dev/sda3

Create subvolume '/mnt/@'
Create subvolume '/mnt/@home'
Create subvolume '/mnt/@var'
Create subvolume '/mnt/@tmp'
Create subvolume '/mnt/@.snapshots'

-------------------------------------------------------------------------
                    Arch Install on Main Drive
-------------------------------------------------------------------------
==> Creating install root at /mnt
==> Installing packages to /mnt
:: Synchronizing package databases...
 core downloading...
 extra downloading...
 community downloading...
:: There are 24 members in group base-devel:
:: Repository core
   1) autoconf  2) automake  3) binutils  4) bison  5) fakeroot  6) file  7) findutils  8) flex  9) gawk  10) gcc  11) gettext  12) grep  13) groff  14) gzip  15) libtool  16) m4  17) make  18) pacman  19) patch  20) pkgconf  21) sed  22) sudo  23) texinfo  24) which

Enter a selection (default=all): 
resolving dependencies...
:: There are 3 providers available for initramfs:
:: Repository core
   1) mkinitcpio
:: Repository extra
   2) booster  3) dracut

Enter a number (default=1): 
looking for conflicting packages...

Packages (147) acl-2.3.1-2  argon2-20190702-4  attr-2.5.1-2  audit-3.0.7-1  bash-5.1.016-1  brotli-1.0.9-7  bzip2-1.0.8-4  ca-certificates-20210603-1  ca-certificates-mozilla-3.77-1  ca-certificates-utils-20210603-1  coreutils-9.0-2  cryptsetup-2.4.3-2  curl-7.82.0-2  db-5.3.28-5  dbus-1.14.0-1  device-mapper-2.03.15-1  diffutils-3.8-1  e2fsprogs-1.46.5-3  expat-2.4.8-1  filesystem-2021.12.07-1  gc-8.2.0-3  gcc-libs-11.2.0-4  gdbm-1.23-1  glib2-2.72.0-1  glibc-2.35-3  gmp-6.2.1-1  gnupg-2.2.32-2  gnutls-3.7.4-1  gpgme-1.17.1-1  gpm-1.20.7.r38.ge82d1a6-4  guile-2.2.7-2  hwdata-0.358-1  iana-etc-20220325-1  icu-71.1-1  iproute2-5.17.0-2  iptables-1:1.8.7-1  iputils-20211215-1  json-c-0.15-3  kbd-2.4.0-2  keyutils-1.6.3-1  kmod-29-3  krb5-1.19.3-1  less-1:590-1  libarchive-3.6.1-1  libassuan-2.5.5-1  libbpf-0.7.0-1  libcap-2.63-2  libcap-ng-0.8.2-7  libelf-0.186-5  libffi-3.4.2-5  libgcrypt-1.10.1-1  libgpg-error-1.45-1  libidn2-2.3.2-1  libisl-0.24-4  libksba-1.6.0-1  libldap-2.6.1-1  libmnl-1.0.5-1  libmpc-1.2.1-2  libnetfilter_conntrack-1.0.9-1  libnfnetlink-1.0.2-1  libnftnl-1.2.1-1  libnghttp2-1.47.0-1  libnl-3.5.0-3  libp11-kit-0.24.1-1  libpcap-1.10.1-2  libpsl-0.21.1-1  libsasl-2.1.27-3  libseccomp-2.5.3-3  libsecret-0.20.5-2  libssh2-1.10.0-1  libsysprof-capture-3.44.0-1  libtasn1-4.18.0-1  libtirpc-1.3.2-1  libunistring-0.9.10-3  libxcrypt-4.4.28-2  libxml2-2.9.13-2  licenses-20220125-1  linux-api-headers-5.16.8-1  linux-firmware-whence-20220411.705f19a-1  lz4-1:1.9.3-2  mkinitcpio-31-2  mkinitcpio-busybox-1.35.0-1  mpfr-4.1.0.p13-2  ncurses-6.3-2  nettle-3.7.3-1  npth-1.6-3  openssl-1.1.1.n-1  p11-kit-0.24.1-1  pacman-mirrorlist-20220410-1  pam-1.5.2-1  pambase-20211210-1  pciutils-3.7.0-2  pcre-8.45-1  pcre2-10.39-1  perl-5.34.1-1  pinentry-1.2.0-1  popt-1.18-3  procps-ng-3.3.17-1  psmisc-23.4-1  readline-8.1.002-1  shadow-4.11.1-1  slang-2.3.2-2  sqlite-3.38.2-1  systemd-250.4-2  systemd-libs-250.4-2  systemd-sysvcompat-250.4-2  tar-1.34-1  tpm2-tss-3.2.0-1  tzdata-2022a-1  util-linux-2.38-1  util-linux-libs-2.38-1  vim-runtime-8.2.4651-1  xz-5.2.5-3  zlib-1:1.2.12-1  zstd-1.5.2-3  archlinux-keyring-20220224-1  autoconf-2.71-1  automake-1.16.5-1  base-2-2  binutils-2.38-4  bison-3.8.2-3  fakeroot-1.28-1  file-5.41-1  findutils-4.9.0-1  flex-2.6.4-3  gawk-5.1.1-1  gcc-11.2.0-4  gettext-0.21-2  grep-3.7-1  groff-1.22.4-7  gzip-1.12-1  libnewt-0.52.21-8  libtool-2.4.7-1  linux-5.17.3.arch1-1  linux-firmware-20220411.705f19a-1  m4-1.4.19-1  make-4.3-3  nano-6.2-1  pacman-6.0.1-4  patch-2.7.6-8  pkgconf-1.8.0-1  sed-4.8-1  sudo-1.9.10-1  texinfo-6.8-2  vim-8.2.4651-1  wget-1.21.3-1  which-2.21-5

Total Download Size:    502.42 MiB
Total Installed Size:  1154.59 MiB

:: Proceed with installation? [Y/n] 
:: Retrieving packages...
 linux-5.17.3.arch1-1-x86_64 downloading...
 linux-firmware-20220411.705f19a-1-any downloading...
 gcc-11.2.0-4-x86_64 downloading...
 gcc-libs-11.2.0-4-x86_64 downloading...
 perl-5.34.1-1-x86_64 downloading...
 icu-71.1-1-x86_64 downloading...
 glibc-2.35-3-x86_64 downloading...
 systemd-250.4-2-x86_64 downloading...
 vim-runtime-8.2.4651-1-x86_64 downloading...
 guile-2.2.7-2-x86_64 downloading...
 binutils-2.38-4-x86_64 downloading...
 openssl-1.1.1.n-1-x86_64 downloading...
 glib2-2.72.0-1-x86_64 downloading...
 gnutls-3.7.4-1-x86_64 downloading...
 coreutils-9.0-2-x86_64 downloading...
 util-linux-2.38-1-x86_64 downloading...
 gnupg-2.2.32-2-x86_64 downloading...
 groff-1.22.4-7-x86_64 downloading...
 vim-8.2.4651-1-x86_64 downloading...
 gettext-0.21-2-x86_64 downloading...
 sqlite-3.38.2-1-x86_64 downloading...
 sudo-1.9.10-1-x86_64 downloading...
 bash-5.1.016-1-x86_64 downloading...
 libisl-0.24-4-x86_64 downloading...
 texinfo-6.8-2-x86_64 downloading...
 libxml2-2.9.13-2-x86_64 downloading...
 krb5-1.19.3-1-x86_64 downloading...
 kbd-2.4.0-2-x86_64 downloading...
 e2fsprogs-1.46.5-3-x86_64 downloading...
 shadow-4.11.1-1-x86_64 downloading...
 gawk-5.1.1-1-x86_64 downloading...
 ncurses-6.3-2-x86_64 downloading...
 linux-api-headers-5.16.8-1-any downloading...
 curl-7.82.0-2-x86_64 downloading...
 pcre2-10.39-1-x86_64 downloading...
 db-5.3.28-5-x86_64 downloading...
 iproute2-5.17.0-2-x86_64 downloading...
 archlinux-keyring-20220224-1-any downloading...
 pcre-8.45-1-x86_64 downloading...
 pacman-6.0.1-4-x86_64 downloading...
 tpm2-tss-3.2.0-1-x86_64 downloading...
 tar-1.34-1-x86_64 downloading...
 bison-3.8.2-3-x86_64 downloading...
 slang-2.3.2-2-x86_64 downloading...
 wget-1.21.3-1-x86_64 downloading...
 zstd-1.5.2-3-x86_64 downloading...
 autoconf-2.71-1-any downloading...
 libunistring-0.9.10-3-x86_64 downloading...
 systemd-libs-250.4-2-x86_64 downloading...
 automake-1.16.5-1-any downloading...
 libgcrypt-1.10.1-1-x86_64 downloading...
 cryptsetup-2.4.3-2-x86_64 downloading...
 pam-1.5.2-1-x86_64 downloading...
 nano-6.2-1-x86_64 downloading...
 libelf-0.186-5-x86_64 downloading...
 procps-ng-3.3.17-1-x86_64 downloading...
 libarchive-3.6.1-1-x86_64 downloading...
 make-4.3-3-x86_64 downloading...
 hwdata-0.358-1-any downloading...
 libp11-kit-0.24.1-1-x86_64 downloading...
 findutils-4.9.0-1-x86_64 downloading...
 gpgme-1.17.1-1-x86_64 downloading...
 gmp-6.2.1-1-x86_64 downloading...
 iptables-1:1.8.7-1-x86_64 downloading...
 nettle-3.7.3-1-x86_64 downloading...
 libtool-2.4.7-1-x86_64 downloading...
 mpfr-4.1.0.p13-2-x86_64 downloading...
 libnl-3.5.0-3-x86_64 downloading...
 tzdata-2022a-1-x86_64 downloading...
 iana-etc-20220325-1-any downloading...
 brotli-1.0.9-7-x86_64 downloading...
 audit-3.0.7-1-x86_64 downloading...
 diffutils-3.8-1-x86_64 downloading...
 util-linux-libs-2.38-1-x86_64 downloading...
 file-5.41-1-x86_64 downloading...
 ca-certificates-mozilla-3.77-1-x86_64 downloading...
 readline-8.1.002-1-x86_64 downloading...
 dbus-1.14.0-1-x86_64 downloading...
 xz-5.2.5-3-x86_64 downloading...
 flex-2.6.4-3-x86_64 downloading...
 device-mapper-2.03.15-1-x86_64 downloading...
 libldap-2.6.1-1-x86_64 downloading...
 libpcap-1.10.1-2-x86_64 downloading...
 mkinitcpio-busybox-1.35.0-1-x86_64 downloading...
 gdbm-1.23-1-x86_64 downloading...
 m4-1.4.19-1-x86_64 downloading...
 grep-3.7-1-x86_64 downloading...
 libgpg-error-1.45-1-x86_64 downloading...
 sed-4.8-1-x86_64 downloading...
 gc-8.2.0-3-x86_64 downloading...
 libbpf-0.7.0-1-x86_64 downloading...
 libssh2-1.10.0-1-x86_64 downloading...
 libsecret-0.20.5-2-x86_64 downloading...
 psmisc-23.4-1-x86_64 downloading...
 libtirpc-1.3.2-1-x86_64 downloading...
 libsasl-2.1.27-3-x86_64 downloading...
 p11-kit-0.24.1-1-x86_64 downloading...
 libidn2-2.3.2-1-x86_64 downloading...
 gpm-1.20.7.r38.ge82d1a6-4-x86_64 downloading...
 libksba-1.6.0-1-x86_64 downloading...
 acl-2.3.1-2-x86_64 downloading...
 iputils-20211215-1-x86_64 downloading...
 libtasn1-4.18.0-1-x86_64 downloading...
 pinentry-1.2.0-1-x86_64 downloading...
 lz4-1:1.9.3-2-x86_64 downloading...
 expat-2.4.8-1-x86_64 downloading...
 kmod-29-3-x86_64 downloading...
 less-1:590-1-x86_64 downloading...
 libassuan-2.5.5-1-x86_64 downloading...
 keyutils-1.6.3-1-x86_64 downloading...
 pciutils-3.7.0-2-x86_64 downloading...
 patch-2.7.6-8-x86_64 downloading...
 libnewt-0.52.21-8-x86_64 downloading...
 zlib-1:1.2.12-1-x86_64 downloading...
 libnghttp2-1.47.0-1-x86_64 downloading...
 libseccomp-2.5.3-3-x86_64 downloading...
 libxcrypt-4.4.28-2-x86_64 downloading...
 libcap-2.63-2-x86_64 downloading...
 gzip-1.12-1-x86_64 downloading...
 libpsl-0.21.1-1-x86_64 downloading...
 popt-1.18-3-x86_64 downloading...
 libnftnl-1.2.1-1-x86_64 downloading...
 fakeroot-1.28-1-x86_64 downloading...
 libmpc-1.2.1-2-x86_64 downloading...
 licenses-20220125-1-any downloading...
 attr-2.5.1-2-x86_64 downloading...
 pkgconf-1.8.0-1-x86_64 downloading...
 bzip2-1.0.8-4-x86_64 downloading...
 json-c-0.15-3-x86_64 downloading...
 libnetfilter_conntrack-1.0.9-1-x86_64 downloading...
 libsysprof-capture-3.44.0-1-x86_64 downloading...
 libffi-3.4.2-5-x86_64 downloading...
 mkinitcpio-31-2-any downloading...
 libcap-ng-0.8.2-7-x86_64 downloading...
 argon2-20190702-4-x86_64 downloading...
 linux-firmware-whence-20220411.705f19a-1-any downloading...
 npth-1.6-3-x86_64 downloading...
 libnfnetlink-1.0.2-1-x86_64 downloading...
 which-2.21-5-x86_64 downloading...
 filesystem-2021.12.07-1-x86_64 downloading...
 libmnl-1.0.5-1-x86_64 downloading...
 ca-certificates-utils-20210603-1-any downloading...
 pacman-mirrorlist-20220410-1-any downloading...
 systemd-sysvcompat-250.4-2-x86_64 downloading...
 pambase-20211210-1-any downloading...
 base-2-2-any downloading...
 ca-certificates-20210603-1-any downloading...
checking keyring...
checking package integrity...
loading package files...
checking for file conflicts...
checking available disk space...
:: Processing package changes...
installing iana-etc...
installing filesystem...
installing linux-api-headers...
installing tzdata...
installing glibc...
Optional dependencies for glibc
    gd: for memusagestat
    perl: for mtrace [pending]
installing gcc-libs...
installing ncurses...
Optional dependencies for ncurses
    bash: for ncursesw6-config [pending]
installing readline...
installing bash...
Optional dependencies for bash
    bash-completion: for tab completion
installing attr...
installing acl...
installing gmp...
installing util-linux-libs...
installing e2fsprogs...
installing openssl...
Optional dependencies for openssl
    ca-certificates [pending]
    perl [pending]
installing libsasl...
installing libldap...
installing keyutils...
installing krb5...
installing libtirpc...
installing pambase...
installing libcap-ng...
installing audit...
installing libxcrypt...
installing pam...
installing libcap...
installing coreutils...
installing zlib...
installing xz...
installing bzip2...
installing libseccomp...
installing file...
installing findutils...
installing mpfr...
installing gawk...
installing pcre...
installing grep...
installing libgpg-error...
installing libgcrypt...
installing libtasn1...
installing libffi...
installing libp11-kit...
installing lz4...
installing zstd...
installing systemd-libs...
installing procps-ng...
installing sed...
installing tar...
installing libunistring...
installing icu...
installing libxml2...
Optional dependencies for libxml2
    python: Python bindings
installing gettext...
Optional dependencies for gettext
    git: for autopoint infrastructure updates
installing hwdata...
installing kmod...
installing pciutils...
installing psmisc...
installing shadow...
installing util-linux...
Optional dependencies for util-linux
    python: python bindings to libmount
    words: default dictionary for look
installing pcre2...
installing less...
installing gzip...
installing licenses...
installing expat...
installing libarchive...
installing p11-kit...
installing ca-certificates-utils...
installing ca-certificates-mozilla...
installing ca-certificates...
installing brotli...
installing libidn2...
installing libnghttp2...
installing libpsl...
installing libssh2...
installing curl...
installing npth...
installing libksba...
installing libassuan...
installing libsysprof-capture...
installing glib2...
Optional dependencies for glib2
    python: gdbus-codegen, glib-genmarshal, glib-mkenums, gtester-report
    libelf: gresource inspection tool [pending]
installing json-c...
installing tpm2-tss...
installing libsecret...
Optional dependencies for libsecret
    org.freedesktop.secrets: secret storage backend
installing pinentry...
Optional dependencies for pinentry
    gtk2: gtk2 backend
    qt5-base: qt backend
    gcr: gnome3 backend
installing nettle...
installing gnutls...
Optional dependencies for gnutls
    guile: for use with Guile bindings [pending]
installing sqlite...
installing gnupg...
Optional dependencies for gnupg
    libldap: gpg2keys_ldap [installed]
    libusb-compat: scdaemon
    pcsclite: scdaemon
installing gpgme...
installing pacman-mirrorlist...
installing archlinux-keyring...
installing pacman...
Optional dependencies for pacman
    perl-locale-gettext: translation support in makepkg-template
installing device-mapper...
installing popt...
installing argon2...
installing cryptsetup...
installing dbus...
installing libmnl...
installing libnftnl...
installing libnl...
installing libpcap...
installing libnfnetlink...
installing libnetfilter_conntrack...
installing iptables...
installing kbd...
installing libelf...
installing systemd...
Initializing machine ID from random generator.
Creating group 'sys' with GID 3.
Creating group 'mem' with GID 8.
Creating group 'ftp' with GID 11.
Creating group 'mail' with GID 12.
Creating group 'log' with GID 19.
Creating group 'smmsp' with GID 25.
Creating group 'proc' with GID 26.
Creating group 'games' with GID 50.
Creating group 'lock' with GID 54.
Creating group 'network' with GID 90.
Creating group 'floppy' with GID 94.
Creating group 'scanner' with GID 96.
Creating group 'power' with GID 98.
Creating group 'nobody' with GID 65534.
Creating group 'adm' with GID 999.
Creating group 'wheel' with GID 998.
Creating group 'utmp' with GID 997.
Creating group 'audio' with GID 996.
Creating group 'disk' with GID 995.
Creating group 'input' with GID 994.
Creating group 'kmem' with GID 993.
Creating group 'kvm' with GID 992.
Creating group 'lp' with GID 991.
Creating group 'optical' with GID 990.
Creating group 'render' with GID 989.
Creating group 'sgx' with GID 988.
Creating group 'storage' with GID 987.
Creating group 'tty' with GID 5.
Creating group 'uucp' with GID 986.
Creating group 'video' with GID 985.
Creating group 'users' with GID 984.
Creating group 'systemd-journal' with GID 983.
Creating group 'rfkill' with GID 982.
Creating group 'bin' with GID 1.
Creating user 'bin' (n/a) with UID 1 and GID 1.
Creating group 'daemon' with GID 2.
Creating user 'daemon' (n/a) with UID 2 and GID 2.
Creating user 'mail' (n/a) with UID 8 and GID 12.
Creating user 'ftp' (n/a) with UID 14 and GID 11.
Creating group 'http' with GID 33.
Creating user 'http' (n/a) with UID 33 and GID 33.
Creating user 'nobody' (Nobody) with UID 65534 and GID 65534.
Creating group 'dbus' with GID 81.
Creating user 'dbus' (System Message Bus) with UID 81 and GID 81.
Creating group 'systemd-coredump' with GID 981.
Creating user 'systemd-coredump' (systemd Core Dumper) with UID 981 and GID 981.
Creating group 'systemd-network' with GID 980.
Creating user 'systemd-network' (systemd Network Management) with UID 980 and GID 980.
Creating group 'systemd-oom' with GID 979.
Creating user 'systemd-oom' (systemd Userspace OOM Killer) with UID 979 and GID 979.
Creating group 'systemd-journal-remote' with GID 978.
Creating user 'systemd-journal-remote' (systemd Journal Remote) with UID 978 and GID 978.
Creating group 'systemd-resolve' with GID 977.
Creating user 'systemd-resolve' (systemd Resolver) with UID 977 and GID 977.
Creating group 'systemd-timesync' with GID 976.
Creating user 'systemd-timesync' (systemd Time Synchronization) with UID 976 and GID 976.
Creating group 'tss' with GID 975.
Creating user 'tss' (tss user for tpm2) with UID 975 and GID 975.
Creating group 'uuidd' with GID 68.
Creating user 'uuidd' (n/a) with UID 68 and GID 68.
Created symlink /etc/systemd/system/getty.target.wants/getty@tty1.service → /usr/lib/systemd/system/getty@.service.
Created symlink /etc/systemd/system/multi-user.target.wants/remote-fs.target → /usr/lib/systemd/system/remote-fs.target.
Optional dependencies for systemd
    libmicrohttpd: remote journald capabilities
    quota-tools: kernel-level quota management
    systemd-sysvcompat: symlink package to provide sysvinit binaries [pending]
    polkit: allow administration as unprivileged user
    curl: machinectl pull-tar and pull-raw [installed]
    libfido2: unlocking LUKS2 volumes with FIDO2 token
    tpm2-tss: unlocking LUKS2 volumes with TPM2 [installed]
installing systemd-sysvcompat...
installing iputils...
installing libbpf...
installing iproute2...
Optional dependencies for iproute2
    db: userspace arp daemon [pending]
    libcap: tipc [installed]
    linux-atm: ATM support
installing base...
Optional dependencies for base
    linux: bare metal support [pending]
installing m4...
installing diffutils...
installing gdbm...
installing db...
installing perl...
installing autoconf...
installing automake...
installing binutils...
Optional dependencies for binutils
    debuginfod: for debuginfod server/client functionality
installing bison...
installing fakeroot...
installing flex...
installing libmpc...
installing libisl...
installing gcc...
Optional dependencies for gcc
    lib32-gcc-libs: for generating code for 32-bit ABI
installing groff...
Optional dependencies for groff
    netpbm: for use together with man -H command interaction in browsers
    psutils: for use together with man -H command interaction in browsers
    libxaw: for gxditview
    perl-file-homedir: for use with glilypond
installing libtool...
installing texinfo...
installing gc...
installing guile...
installing make...
installing patch...
Optional dependencies for patch
    ed: for patch -e functionality
installing pkgconf...
installing sudo...
installing which...
installing mkinitcpio-busybox...
installing mkinitcpio...
Optional dependencies for mkinitcpio
    gzip: Use gzip compression for the initramfs image [installed]
    xz: Use lzma or xz compression for the initramfs image [installed]
    bzip2: Use bzip2 compression for the initramfs image [installed]
    lzop: Use lzo compression for the initramfs image
    lz4: Use lz4 compression for the initramfs image [installed]
    mkinitcpio-nfs-utils: Support for root filesystem on NFS
installing linux...
Optional dependencies for linux
    wireless-regdb: to set the correct wireless channels of your country
    linux-firmware: firmware images needed for some devices [pending]
installing linux-firmware-whence...
installing linux-firmware...
installing vim-runtime...
Optional dependencies for vim-runtime
    sh: support for some tools and macros [installed]
    python: demoserver example tool
    gawk: mve tools upport [installed]
installing gpm...
installing vim...
Optional dependencies for vim
    python: Python 3 language support
    ruby: Ruby language support
    lua: Lua language support
    perl: Perl language support [installed]
    tcl: Tcl language support
installing nano...
installing wget...
Optional dependencies for wget
    ca-certificates: HTTPS downloads [installed]
installing slang...
installing libnewt...
Optional dependencies for libnewt
    python: libnewt support with the _snack module
    tcl: whiptcl support
:: Running post-transaction hooks...
( 1/14) Creating system user accounts...
( 2/14) Updating journal message catalog...
( 3/14) Reloading system manager configuration...
  Skipped: Running in chroot.
( 4/14) Updating udev hardware database...
( 5/14) Applying kernel sysctl settings...
  Skipped: Running in chroot.
( 6/14) Creating temporary files...
Failed to open file "/sys/devices/system/cpu/microcode/reload": Read-only file system
error: command failed to execute correctly
( 7/14) Reloading device manager configuration...
  Skipped: Running in chroot.
( 8/14) Arming ConditionNeedsUpdate...
( 9/14) Rebuilding certificate stores...
(10/14) Updating module dependencies...
(11/14) Updating linux initcpios...
==> Building image from preset: /etc/mkinitcpio.d/linux.preset: 'default'
  -> -k /boot/vmlinuz-linux -c /etc/mkinitcpio.conf -g /boot/initramfs-linux.img
==> Starting build: 5.17.3-arch1-1
  -> Running build hook: [base]
  -> Running build hook: [udev]
  -> Running build hook: [autodetect]
  -> Running build hook: [modconf]
  -> Running build hook: [block]
==> WARNING: Possibly missing firmware for module: xhci_pci
  -> Running build hook: [filesystems]
  -> Running build hook: [keyboard]
  -> Running build hook: [fsck]
==> ERROR: file not found: `fsck.btrfs'
==> WARNING: No fsck helpers found. fsck will not be run on boot.
==> Generating module dependencies
==> Creating zstd-compressed initcpio image: /boot/initramfs-linux.img
==> WARNING: errors were encountered during the build. The image may not be complete.
==> Building image from preset: /etc/mkinitcpio.d/linux.preset: 'fallback'
  -> -k /boot/vmlinuz-linux -c /etc/mkinitcpio.conf -g /boot/initramfs-linux-fallback.img -S autodetect
==> Starting build: 5.17.3-arch1-1
  -> Running build hook: [base]
  -> Running build hook: [udev]
  -> Running build hook: [modconf]
  -> Running build hook: [block]
==> WARNING: Possibly missing firmware for module: aic94xx
==> WARNING: Possibly missing firmware for module: bfa
==> WARNING: Possibly missing firmware for module: qed
==> WARNING: Possibly missing firmware for module: qla1280
==> WARNING: Possibly missing firmware for module: qla2xxx
==> WARNING: Possibly missing firmware for module: wd719x
==> WARNING: Possibly missing firmware for module: xhci_pci
  -> Running build hook: [filesystems]
  -> Running build hook: [keyboard]
  -> Running build hook: [fsck]
==> Generating module dependencies
==> Creating zstd-compressed initcpio image: /boot/initramfs-linux-fallback.img
==> Image generation successful
error: command failed to execute correctly
(12/14) Reloading system bus configuration...
  Skipped: Running in chroot.
(13/14) Warn about old perl modules
perl: warning: Setting locale failed.
perl: warning: Please check that your locale settings:
	LANGUAGE = (unset),
	LC_ALL = (unset),
	LC_MESSAGES = "",
	LANG = "en_US.UTF-8"
    are supported and installed on your system.
perl: warning: Falling back to the standard locale ("C").
(14/14) Updating the info directory file...
